<?xml version="1.0" encoding="UTF-8"?>
<!-- Generated by org.testng.reporters.JUnitXMLReporter -->
<testsuite hostname="DESKTOP-H0DR8AN" name="TestDocType" tests="1" failures="0" timestamp="28 Apr 2020 06:09:51 GMT" time="16.152" errors="0">
  <testcase name="@BeforeClass setup" time="0.0" classname="DocTypeTestCases.ConfigurationDocType">
    <failure type="org.openqa.selenium.SessionNotCreatedException" message="session not created
from disconnected: received Inspector.detached event
  (Session info: chrome=81.0.4044.122)
Build info: version: &amp;apos;3.141.59&amp;apos;, revision: &amp;apos;e82be7d358&amp;apos;, time: &amp;apos;2018-11-14T08:25:48&amp;apos;
System info: host: &amp;apos;DESKTOP-H0DR8AN&amp;apos;, ip: &amp;apos;192.168.43.238&amp;apos;, os.name: &amp;apos;Windows 10&amp;apos;, os.arch: &amp;apos;amd64&amp;apos;, os.version: &amp;apos;10.0&amp;apos;, java.version: &amp;apos;1.8.0_241&amp;apos;
Driver info: driver.version: ChromeDriver
remote stacktrace: Backtrace:
	Ordinal0 [0x00305F73+2449267]
	Ordinal0 [0x00238361+1606497]
	Ordinal0 [0x0012F969+522601]
	Ordinal0 [0x00128179+491897]
	Ordinal0 [0x00127D8C+490892]
	Ordinal0 [0x00127686+489094]
	Ordinal0 [0x00126C8C+486540]
	Ordinal0 [0x00126EC5+487109]
	Ordinal0 [0x00126905+485637]
	Ordinal0 [0x0012E6C5+517829]
	Ordinal0 [0x001268C2+485570]
	Ordinal0 [0x00127329+488233]
	Ordinal0 [0x00126C8C+486540]
	Ordinal0 [0x00126EC5+487109]
	Ordinal0 [0x00126905+485637]
	Ordinal0 [0x0012CEAE+511662]
	Ordinal0 [0x001268C2+485570]
	Ordinal0 [0x00127329+488233]
	Ordinal0 [0x00126C8C+486540]
	Ordinal0 [0x00126EC5+487109]
	Ordinal0 [0x00126905+485637]
	Ordinal0 [0x0012B71C+505628]
	Ordinal0 [0x001268C2+485570]
	Ordinal0 [0x00127329+488233]
	Ordinal0 [0x00126C8C+486540]
	Ordinal0 [0x00126EC5+487109]
	Ordinal0 [0x00126905+485637]
	Ordinal0 [0x0012ADB7+503223]
	Ordinal0 [0x001268C2+485570]
	Ordinal0 [0x00127329+488233]
	Ordinal0 [0x00126C8C+486540]
	Ordinal0 [0x00126EC5+487109]
	Ordinal0 [0x00126905+485637]
	Ordinal0 [0x001231AC+471468]
	Ordinal0 [0x001268C2+485570]
	Ordinal0 [0x00126817+485399]
	Ordinal0 [0x00130600+525824]
	Ordinal0 [0x000DCBB9+183225]
	Ordinal0 [0x000DBF2D+180013]
	Ordinal0 [0x000D9E5B+171611]
	Ordinal0 [0x000C1DD8+73176]
	Ordinal0 [0x000C2E50+77392]
	Ordinal0 [0x000C2DE9+77289]
	Ordinal0 [0x0024D8D7+1693911]
	GetHandleVerifier [0x003A4036+522726]
	GetHandleVerifier [0x003A3D74+522020]
	GetHandleVerifier [0x003B9187+609079]
	GetHandleVerifier [0x003A48A6+524886]
	Ordinal0 [0x00245CBC+1662140]
	Ordinal0 [0x0024F23B+1700411]
	Ordinal0 [0x0024F3A3+1700771]
	Ordinal0 [0x00265215+1790485]
	BaseThreadInitThunk [0x74B26359+25]
	RtlGetAppContainerNamedObjectPath [0x77387C14+228]
	RtlGetAppContainerNamedObjectPath [0x77387BE4+180]
	(No symbol) [0x00000000]
">
      <![CDATA[org.openqa.selenium.SessionNotCreatedException: session not created
from disconnected: received Inspector.detached event
  (Session info: chrome=81.0.4044.122)
Build info: version: '3.141.59', revision: 'e82be7d358', time: '2018-11-14T08:25:48'
System info: host: 'DESKTOP-H0DR8AN', ip: '192.168.43.238', os.name: 'Windows 10', os.arch: 'amd64', os.version: '10.0', java.version: '1.8.0_241'
Driver info: driver.version: ChromeDriver
remote stacktrace: Backtrace:
	Ordinal0 [0x00305F73+2449267]
	Ordinal0 [0x00238361+1606497]
	Ordinal0 [0x0012F969+522601]
	Ordinal0 [0x00128179+491897]
	Ordinal0 [0x00127D8C+490892]
	Ordinal0 [0x00127686+489094]
	Ordinal0 [0x00126C8C+486540]
	Ordinal0 [0x00126EC5+487109]
	Ordinal0 [0x00126905+485637]
	Ordinal0 [0x0012E6C5+517829]
	Ordinal0 [0x001268C2+485570]
	Ordinal0 [0x00127329+488233]
	Ordinal0 [0x00126C8C+486540]
	Ordinal0 [0x00126EC5+487109]
	Ordinal0 [0x00126905+485637]
	Ordinal0 [0x0012CEAE+511662]
	Ordinal0 [0x001268C2+485570]
	Ordinal0 [0x00127329+488233]
	Ordinal0 [0x00126C8C+486540]
	Ordinal0 [0x00126EC5+487109]
	Ordinal0 [0x00126905+485637]
	Ordinal0 [0x0012B71C+505628]
	Ordinal0 [0x001268C2+485570]
	Ordinal0 [0x00127329+488233]
	Ordinal0 [0x00126C8C+486540]
	Ordinal0 [0x00126EC5+487109]
	Ordinal0 [0x00126905+485637]
	Ordinal0 [0x0012ADB7+503223]
	Ordinal0 [0x001268C2+485570]
	Ordinal0 [0x00127329+488233]
	Ordinal0 [0x00126C8C+486540]
	Ordinal0 [0x00126EC5+487109]
	Ordinal0 [0x00126905+485637]
	Ordinal0 [0x001231AC+471468]
	Ordinal0 [0x001268C2+485570]
	Ordinal0 [0x00126817+485399]
	Ordinal0 [0x00130600+525824]
	Ordinal0 [0x000DCBB9+183225]
	Ordinal0 [0x000DBF2D+180013]
	Ordinal0 [0x000D9E5B+171611]
	Ordinal0 [0x000C1DD8+73176]
	Ordinal0 [0x000C2E50+77392]
	Ordinal0 [0x000C2DE9+77289]
	Ordinal0 [0x0024D8D7+1693911]
	GetHandleVerifier [0x003A4036+522726]
	GetHandleVerifier [0x003A3D74+522020]
	GetHandleVerifier [0x003B9187+609079]
	GetHandleVerifier [0x003A48A6+524886]
	Ordinal0 [0x00245CBC+1662140]
	Ordinal0 [0x0024F23B+1700411]
	Ordinal0 [0x0024F3A3+1700771]
	Ordinal0 [0x00265215+1790485]
	BaseThreadInitThunk [0x74B26359+25]
	RtlGetAppContainerNamedObjectPath [0x77387C14+228]
	RtlGetAppContainerNamedObjectPath [0x77387BE4+180]
	(No symbol) [0x00000000]

	at org.openqa.selenium.remote.W3CHandshakeResponse.lambda$errorHandler$0(W3CHandshakeResponse.java:62)
	at org.openqa.selenium.remote.HandshakeResponse.lambda$getResponseFunction$0(HandshakeResponse.java:30)
	at org.openqa.selenium.remote.ProtocolHandshake.lambda$createSession$0(ProtocolHandshake.java:126)
	at java.util.stream.ReferencePipeline$3$1.accept(Unknown Source)
	at java.util.Spliterators$ArraySpliterator.tryAdvance(Unknown Source)
	at java.util.stream.ReferencePipeline.forEachWithCancel(Unknown Source)
	at java.util.stream.AbstractPipeline.copyIntoWithCancel(Unknown Source)
	at java.util.stream.AbstractPipeline.copyInto(Unknown Source)
	at java.util.stream.AbstractPipeline.wrapAndCopyInto(Unknown Source)
	at java.util.stream.FindOps$FindOp.evaluateSequential(Unknown Source)
	at java.util.stream.AbstractPipeline.evaluate(Unknown Source)
	at java.util.stream.ReferencePipeline.findFirst(Unknown Source)
	at org.openqa.selenium.remote.ProtocolHandshake.createSession(ProtocolHandshake.java:128)
	at org.openqa.selenium.remote.ProtocolHandshake.createSession(ProtocolHandshake.java:74)
	at org.openqa.selenium.remote.HttpCommandExecutor.execute(HttpCommandExecutor.java:136)
	at org.openqa.selenium.remote.service.DriverCommandExecutor.execute(DriverCommandExecutor.java:83)
	at org.openqa.selenium.remote.RemoteWebDriver.execute(RemoteWebDriver.java:552)
	at org.openqa.selenium.remote.RemoteWebDriver.startSession(RemoteWebDriver.java:213)
	at org.openqa.selenium.remote.RemoteWebDriver.<init>(RemoteWebDriver.java:131)
	at org.openqa.selenium.chrome.ChromeDriver.<init>(ChromeDriver.java:181)
	at org.openqa.selenium.chrome.ChromeDriver.<init>(ChromeDriver.java:168)
	at org.openqa.selenium.chrome.ChromeDriver.<init>(ChromeDriver.java:123)
	at SmarTBase.Base.setup(Base.java:20)
... Removed 28 stack frames]]>
    </failure>
  </testcase> <!-- @BeforeClass setup -->
  <testcase name="Unit" time="0.001" classname="DocTypeTestCases.ConfigurationDocType">
    <skipped/>
  </testcase> <!-- Unit -->
</testsuite> <!-- TestDocType -->
