<?xml version="1.0" encoding="UTF-8"?>
<testng-results skipped="0" failed="1" total="1" passed="0">
  <reporter-output>
  </reporter-output>
  <suite name="Default suite" duration-ms="310335" started-at="2020-05-29T09:30:24Z" finished-at="2020-05-29T09:35:34Z">
    <groups>
    </groups>
    <test name="Default test" duration-ms="310335" started-at="2020-05-29T09:30:24Z" finished-at="2020-05-29T09:35:34Z">
      <class name="SmarTown.Base1">
        <test-method status="PASS" signature="setup()[pri:0, instance:SmarTown.Base1@32d992b2]" name="setup" is-config="true" duration-ms="52319" started-at="2020-05-29T15:00:24Z" finished-at="2020-05-29T15:01:16Z">
          <reporter-output>
          </reporter-output>
        </test-method> <!-- setup -->
        <test-method status="FAIL" signature="Voucher()[pri:7, instance:SmarTown.Base1@32d992b2]" name="Voucher" duration-ms="257925" started-at="2020-05-29T15:01:16Z" finished-at="2020-05-29T15:05:34Z">
          <exception class="java.lang.AssertionError">
            <message>
              <![CDATA[The following asserts failed:
	expected [PQR] but found [PQRS]]]>
            </message>
            <full-stacktrace>
              <![CDATA[java.lang.AssertionError: The following asserts failed:
	expected [PQR] but found [PQRS]
	at org.testng.asserts.SoftAssert.assertAll(SoftAssert.java:43)
	at PerferencesTestCases.VoucherTestCases.Voucher(VoucherTestCases.java:191)
	at SmarTown.Base1.Voucher(Base1.java:104)
	at sun.reflect.NativeMethodAccessorImpl.invoke0(Native Method)
	at sun.reflect.NativeMethodAccessorImpl.invoke(Unknown Source)
	at sun.reflect.DelegatingMethodAccessorImpl.invoke(Unknown Source)
	at java.lang.reflect.Method.invoke(Unknown Source)
	at org.testng.internal.MethodInvocationHelper.invokeMethod(MethodInvocationHelper.java:86)
	at org.testng.internal.Invoker.invokeMethod(Invoker.java:643)
	at org.testng.internal.Invoker.invokeTestMethod(Invoker.java:820)
	at org.testng.internal.Invoker.invokeTestMethods(Invoker.java:1128)
	at org.testng.internal.TestMethodWorker.invokeTestMethods(TestMethodWorker.java:129)
	at org.testng.internal.TestMethodWorker.run(TestMethodWorker.java:112)
	at org.testng.TestRunner.privateRun(TestRunner.java:782)
	at org.testng.TestRunner.run(TestRunner.java:632)
	at org.testng.SuiteRunner.runTest(SuiteRunner.java:366)
	at org.testng.SuiteRunner.runSequentially(SuiteRunner.java:361)
	at org.testng.SuiteRunner.privateRun(SuiteRunner.java:319)
	at org.testng.SuiteRunner.run(SuiteRunner.java:268)
	at org.testng.SuiteRunnerWorker.runSuite(SuiteRunnerWorker.java:52)
	at org.testng.SuiteRunnerWorker.run(SuiteRunnerWorker.java:86)
	at org.testng.TestNG.runSuitesSequentially(TestNG.java:1244)
	at org.testng.TestNG.runSuitesLocally(TestNG.java:1169)
	at org.testng.TestNG.run(TestNG.java:1064)
	at org.testng.remote.AbstractRemoteTestNG.run(AbstractRemoteTestNG.java:114)
	at org.testng.remote.RemoteTestNG.initAndRun(RemoteTestNG.java:251)
	at org.testng.remote.RemoteTestNG.main(RemoteTestNG.java:77)
]]>
            </full-stacktrace>
          </exception> <!-- java.lang.AssertionError -->
          <reporter-output>
          </reporter-output>
        </test-method> <!-- Voucher -->
      </class> <!-- SmarTown.Base1 -->
    </test> <!-- Default test -->
  </suite> <!-- Default suite -->
</testng-results>
